# JRE version: OpenJDK Runtime Environment (8.0_222-b10) (build 1.8.0_222-8u222-b10-1ubuntu1~18.04.1-b10)
# Java VM: OpenJDK 64-Bit Server VM (25.222-b10 mixed mode linux-amd64 compressed oops)
Heap:
 PSYoungGen      total 241664K, used 20475K [0x00000000d7000000, 0x00000000e7f00000, 0x0000000100000000)
  eden space 221184K, 0% used [0x00000000d7000000,0x00000000d7000000,0x00000000e4800000)
  from space 20480K, 99% used [0x00000000e5700000,0x00000000e6afec60,0x00000000e6b00000)
  to   space 11776K, 0% used [0x00000000e7380000,0x00000000e7380000,0x00000000e7f00000)
 ParOldGen       total 121344K, used 120838K [0x0000000085000000, 0x000000008c680000, 0x00000000d7000000)
  object space 121344K, 99% used [0x0000000085000000,0x000000008c601a90,0x000000008c680000)
 Metaspace       used 25171K, capacity 25892K, committed 26160K, reserved 1073152K
  class space    used 2869K, capacity 3071K, committed 3120K, reserved 1048576K
GC Heap History (10 events):
Event: 8.444 GC heap after
Heap after GC invocations=3 (full 0):
 PSYoungGen      total 68608K, used 5120K [0x00000000d7000000, 0x00000000df600000, 0x0000000100000000)
  eden space 63488K, 0% used [0x00000000d7000000,0x00000000d7000000,0x00000000dae00000)
  from space 5120K, 100% used [0x00000000dae00000,0x00000000db300000,0x00000000db300000)
  to   space 5120K, 0% used [0x00000000df100000,0x00000000df100000,0x00000000df600000)
 ParOldGen       total 84992K, used 4511K [0x0000000085000000, 0x000000008a300000, 0x00000000d7000000)
  object space 84992K, 5% used [0x0000000085000000,0x0000000085467d18,0x000000008a300000)
 Metaspace       used 15469K, capacity 15728K, committed 16128K, reserved 1062912K
  class space    used 1847K, capacity 1941K, committed 2048K, reserved 1048576K
}
Event: 10.070 GC heap before
{Heap before GC invocations=4 (full 0):
 PSYoungGen      total 68608K, used 68608K [0x00000000d7000000, 0x00000000df600000, 0x0000000100000000)
  eden space 63488K, 100% used [0x00000000d7000000,0x00000000dae00000,0x00000000dae00000)
  from space 5120K, 100% used [0x00000000dae00000,0x00000000db300000,0x00000000db300000)
  to   space 5120K, 0% used [0x00000000df100000,0x00000000df100000,0x00000000df600000)
 ParOldGen       total 84992K, used 4511K [0x0000000085000000, 0x000000008a300000, 0x00000000d7000000)
  object space 84992K, 5% used [0x0000000085000000,0x0000000085467d18,0x000000008a300000)
 Metaspace       used 15957K, capacity 16294K, committed 16640K, reserved 1064960K
  class space    used 1857K, capacity 1950K, committed 2048K, reserved 1048576K
Event: 10.092 GC heap after
Heap after GC invocations=4 (full 0):
 PSYoungGen      total 132096K, used 5120K [0x00000000d7000000, 0x00000000df600000, 0x0000000100000000)
  eden space 126976K, 0% used [0x00000000d7000000,0x00000000d7000000,0x00000000dec00000)
  from space 5120K, 100% used [0x00000000df100000,0x00000000df600000,0x00000000df600000)
  to   space 5120K, 0% used [0x00000000dec00000,0x00000000dec00000,0x00000000df100000)
 ParOldGen       total 84992K, used 7821K [0x0000000085000000, 0x000000008a300000, 0x00000000d7000000)
  object space 84992K, 9% used [0x0000000085000000,0x00000000857a3568,0x000000008a300000)
 Metaspace       used 15957K, capacity 16294K, committed 16640K, reserved 1064960K
  class space    used 1857K, capacity 1950K, committed 2048K, reserved 1048576K
}
Event: 12.302 GC heap before
{Heap before GC invocations=5 (full 0):
 PSYoungGen      total 132096K, used 89477K [0x00000000d7000000, 0x00000000df600000, 0x0000000100000000)
  eden space 126976K, 66% used [0x00000000d7000000,0x00000000dc261788,0x00000000dec00000)
  from space 5120K, 100% used [0x00000000df100000,0x00000000df600000,0x00000000df600000)
  to   space 5120K, 0% used [0x00000000dec00000,0x00000000dec00000,0x00000000df100000)
 ParOldGen       total 84992K, used 7821K [0x0000000085000000, 0x000000008a300000, 0x00000000d7000000)
  object space 84992K, 9% used [0x0000000085000000,0x00000000857a3568,0x000000008a300000)
 Metaspace       used 20715K, capacity 21216K, committed 21296K, reserved 1069056K
  class space    used 2429K, capacity 2588K, committed 2608K, reserved 1048576K
Event: 12.341 GC heap after
Heap after GC invocations=5 (full 0):
 PSYoungGen      total 132096K, used 5120K [0x00000000d7000000, 0x00000000e7f00000, 0x0000000100000000)
  eden space 126976K, 0% used [0x00000000d7000000,0x00000000d7000000,0x00000000dec00000)
  from space 5120K, 100% used [0x00000000dec00000,0x00000000df100000,0x00000000df100000)
  to   space 11776K, 0% used [0x00000000e7380000,0x00000000e7380000,0x00000000e7f00000)
 ParOldGen       total 84992K, used 12293K [0x0000000085000000, 0x000000008a300000, 0x00000000d7000000)
  object space 84992K, 14% used [0x0000000085000000,0x0000000085c015c0,0x000000008a300000)
 Metaspace       used 20715K, capacity 21216K, committed 21296K, reserved 1069056K
  class space    used 2429K, capacity 2588K, committed 2608K, reserved 1048576K
}
Event: 12.341 GC heap before
{Heap before GC invocations=6 (full 1):
 PSYoungGen      total 132096K, used 5120K [0x00000000d7000000, 0x00000000e7f00000, 0x0000000100000000)
  eden space 126976K, 0% used [0x00000000d7000000,0x00000000d7000000,0x00000000dec00000)
  from space 5120K, 100% used [0x00000000dec00000,0x00000000df100000,0x00000000df100000)
  to   space 11776K, 0% used [0x00000000e7380000,0x00000000e7380000,0x00000000e7f00000)
 ParOldGen       total 84992K, used 12293K [0x0000000085000000, 0x000000008a300000, 0x00000000d7000000)
  object space 84992K, 14% used [0x0000000085000000,0x0000000085c015c0,0x000000008a300000)
 Metaspace       used 20715K, capacity 21216K, committed 21296K, reserved 1069056K
  class space    used 2429K, capacity 2588K, committed 2608K, reserved 1048576K
Event: 12.488 GC heap after
Heap after GC invocations=6 (full 1):
 PSYoungGen      total 132096K, used 0K [0x00000000d7000000, 0x00000000e7f00000, 0x0000000100000000)
  eden space 126976K, 0% used [0x00000000d7000000,0x00000000d7000000,0x00000000dec00000)
  from space 5120K, 0% used [0x00000000dec00000,0x00000000dec00000,0x00000000df100000)
  to   space 11776K, 0% used [0x00000000e7380000,0x00000000e7380000,0x00000000e7f00000)
 ParOldGen       total 58368K, used 12924K [0x0000000085000000, 0x0000000088900000, 0x00000000d7000000)
  object space 58368K, 22% used [0x0000000085000000,0x0000000085c9f3c8,0x0000000088900000)
 Metaspace       used 20715K, capacity 21216K, committed 21296K, reserved 1069056K
  class space    used 2429K, capacity 2588K, committed 2608K, reserved 1048576K
}
Event: 17.304 GC heap before
{Heap before GC invocations=7 (full 1):
 PSYoungGen      total 132096K, used 126976K [0x00000000d7000000, 0x00000000e7f00000, 0x0000000100000000)
  eden space 126976K, 100% used [0x00000000d7000000,0x00000000dec00000,0x00000000dec00000)
  from space 5120K, 0% used [0x00000000dec00000,0x00000000dec00000,0x00000000df100000)
  to   space 11776K, 0% used [0x00000000e7380000,0x00000000e7380000,0x00000000e7f00000)
 ParOldGen       total 58368K, used 12924K [0x0000000085000000, 0x0000000088900000, 0x00000000d7000000)
  object space 58368K, 22% used [0x0000000085000000,0x0000000085c9f3c8,0x0000000088900000)
 Metaspace       used 25167K, capacity 25892K, committed 26160K, reserved 1073152K
  class space    used 2869K, capacity 3071K, committed 3120K, reserved 1048576K
Event: 17.335 GC heap after
Heap after GC invocations=7 (full 1):
 PSYoungGen      total 232960K, used 11773K [0x00000000d7000000, 0x00000000e7f00000, 0x0000000100000000)
  eden space 221184K, 0% used [0x00000000d7000000,0x00000000d7000000,0x00000000e4800000)
  from space 11776K, 99% used [0x00000000e7380000,0x00000000e7eff430,0x00000000e7f00000)
  to   space 20480K, 0% used [0x00000000e5700000,0x00000000e5700000,0x00000000e6b00000)
 ParOldGen       total 58368K, used 24773K [0x0000000085000000, 0x0000000088900000, 0x00000000d7000000)
  object space 58368K, 42% used [0x0000000085000000,0x00000000868317f0,0x0000000088900000)
 Metaspace       used 25167K, capacity 25892K, committed 26160K, reserved 1073152K
  class space    used 2869K, capacity 3071K, committed 3120K, reserved 1048576K
}
Event: 21.038 GC heap before
{Heap before GC invocations=8 (full 1):
 PSYoungGen      total 232960K, used 232957K [0x00000000d7000000, 0x00000000e7f00000, 0x0000000100000000)
  eden space 221184K, 100% used [0x00000000d7000000,0x00000000e4800000,0x00000000e4800000)
  from space 11776K, 99% used [0x00000000e7380000,0x00000000e7eff430,0x00000000e7f00000)
  to   space 20480K, 0% used [0x00000000e5700000,0x00000000e5700000,0x00000000e6b00000)
 ParOldGen       total 58368K, used 24773K [0x0000000085000000, 0x0000000088900000, 0x00000000d7000000)
  object space 58368K, 42% used [0x0000000085000000,0x00000000868317f0,0x0000000088900000)
 Metaspace       used 25171K, capacity 25892K, committed 26160K, reserved 1073152K
  class space    used 2869K, capacity 3071K, committed 3120K, reserved 1048576K

